<?xml version="1.0" encoding="UTF-8"?>
<!-- Generated by org.testng.reporters.JUnitReportReporter -->
<testsuite hostname="JEEVA" failures="0" tests="3" name="com.testng.Ignore" time="0.015" errors="0" timestamp="2022-10-19T19:23:25 IST" skipped="1">
  <testcase classname="com.testng.Ignore" name="dmethod" time="0.000"/>
  <system-out/>
  <testcase classname="com.testng.Ignore" name="cmethod" time="0.015"/>
  <system-out/>
  <testcase classname="com.testng.Ignore" name="bmethod">
    <skipped/>
  </testcase> <!-- bmethod -->
  <system-out/>
</testsuite> <!-- com.testng.Ignore -->
