<?xml version="1.0" encoding="UTF-8"?>
<!-- Generated by org.testng.reporters.JUnitReportReporter -->
<testsuite hostname="JEEVA" failures="0" tests="2" name="com.testng.Exception" time="0.020" errors="0" timestamp="2022-10-19T19:22:05 IST" skipped="0">
  <testcase classname="com.testng.Exception" name="amethod" time="0.015"/>
  <system-out/>
  <testcase classname="com.testng.Exception" name="bmethod" time="0.005"/>
  <system-out/>
</testsuite> <!-- com.testng.Exception -->
