<?xml version="1.0" encoding="UTF-8"?>
<!-- Generated by org.testng.reporters.JUnitReportReporter -->
<testsuite hostname="JEEVA" failures="0" tests="5" name="com.testng.Invocationcount" time="0.051" errors="0" timestamp="2022-10-19T19:23:52 IST" skipped="0">
  <testcase classname="com.testng.Invocationcount" name="amethod" time="0.005"/>
  <system-out/>
  <testcase classname="com.testng.Invocationcount" name="amethod" time="0.031"/>
  <system-out/>
  <testcase classname="com.testng.Invocationcount" name="amethod" time="0.010"/>
  <system-out/>
  <testcase classname="com.testng.Invocationcount" name="amethod" time="0.000"/>
  <system-out/>
  <testcase classname="com.testng.Invocationcount" name="bmethod" time="0.005"/>
  <system-out/>
</testsuite> <!-- com.testng.Invocationcount -->
