<?xml version="1.0" encoding="UTF-8"?>
<!-- Generated by org.testng.reporters.JUnitReportReporter -->
<testsuite hostname="JEEVA" failures="0" tests="2" name="com.testng.Parallel" time="2.056" errors="0" timestamp="2022-10-19T18:53:36 IST" skipped="0">
  <testcase classname="com.testng.Parallel" name="bmethod" time="1.028"/>
  <system-out/>
  <testcase classname="com.testng.Parallel" name="amethod" time="1.028"/>
  <system-out/>
</testsuite> <!-- com.testng.Parallel -->
