<?xml version="1.0" encoding="UTF-8"?>
<!-- Generated by org.testng.reporters.JUnitReportReporter -->
<testsuite hostname="JEEVA" failures="0" tests="4" name="com.testng.Grouping" time="0.025" errors="0" timestamp="2022-10-19T19:22:45 IST" skipped="0">
  <testcase classname="com.testng.Grouping" name="bmethod" time="0.005"/>
  <system-out/>
  <testcase classname="com.testng.Grouping" name="amethod" time="0.015"/>
  <system-out/>
  <testcase classname="com.testng.Grouping" name="cmethod" time="0.000"/>
  <system-out/>
  <testcase classname="com.testng.Grouping" name="dmethod" time="0.005"/>
  <system-out/>
</testsuite> <!-- com.testng.Grouping -->
